0 info it worked if it ends with ok
1 verbose cli [ '/usr/local/bin/node',
1 verbose cli   '/usr/local/bin/npm',
1 verbose cli   'install',
1 verbose cli   'grunt-karma',
1 verbose cli   'karma-ng-html2js-preprocessor',
1 verbose cli   'karma-ng-scenario',
1 verbose cli   '--save-dev' ]
2 info using npm@1.3.11
3 info using node@v0.10.21
4 warn package.json abc@0.0.0 No description
5 warn package.json abc@0.0.0 No repository field.
6 warn package.json abc@0.0.0 No README data
7 verbose readDependencies using package.json deps
8 verbose cache add [ 'grunt-karma', null ]
9 verbose cache add name=undefined spec="grunt-karma" args=["grunt-karma",null]
10 verbose parsed url { protocol: null,
10 verbose parsed url   slashes: null,
10 verbose parsed url   auth: null,
10 verbose parsed url   host: null,
10 verbose parsed url   port: null,
10 verbose parsed url   hostname: null,
10 verbose parsed url   hash: null,
10 verbose parsed url   search: null,
10 verbose parsed url   query: null,
10 verbose parsed url   pathname: 'grunt-karma',
10 verbose parsed url   path: 'grunt-karma',
10 verbose parsed url   href: 'grunt-karma' }
11 verbose cache add [ 'karma-ng-html2js-preprocessor', null ]
12 verbose cache add name=undefined spec="karma-ng-html2js-preprocessor" args=["karma-ng-html2js-preprocessor",null]
13 verbose parsed url { protocol: null,
13 verbose parsed url   slashes: null,
13 verbose parsed url   auth: null,
13 verbose parsed url   host: null,
13 verbose parsed url   port: null,
13 verbose parsed url   hostname: null,
13 verbose parsed url   hash: null,
13 verbose parsed url   search: null,
13 verbose parsed url   query: null,
13 verbose parsed url   pathname: 'karma-ng-html2js-preprocessor',
13 verbose parsed url   path: 'karma-ng-html2js-preprocessor',
13 verbose parsed url   href: 'karma-ng-html2js-preprocessor' }
14 verbose cache add [ 'karma-ng-scenario', null ]
15 verbose cache add name=undefined spec="karma-ng-scenario" args=["karma-ng-scenario",null]
16 verbose parsed url { protocol: null,
16 verbose parsed url   slashes: null,
16 verbose parsed url   auth: null,
16 verbose parsed url   host: null,
16 verbose parsed url   port: null,
16 verbose parsed url   hostname: null,
16 verbose parsed url   hash: null,
16 verbose parsed url   search: null,
16 verbose parsed url   query: null,
16 verbose parsed url   pathname: 'karma-ng-scenario',
16 verbose parsed url   path: 'karma-ng-scenario',
16 verbose parsed url   href: 'karma-ng-scenario' }
17 silly lockFile 707ccff9-grunt-karma grunt-karma
18 verbose lock grunt-karma /home/ubuntu/.npm/707ccff9-grunt-karma.lock
19 silly lockFile 18de6d31-karma-ng-html2js-preprocessor karma-ng-html2js-preprocessor
20 verbose lock karma-ng-html2js-preprocessor /home/ubuntu/.npm/18de6d31-karma-ng-html2js-preprocessor.lock
21 silly lockFile e5bca250-karma-ng-scenario karma-ng-scenario
22 verbose lock karma-ng-scenario /home/ubuntu/.npm/e5bca250-karma-ng-scenario.lock
23 silly lockFile 707ccff9-grunt-karma grunt-karma
24 silly lockFile 707ccff9-grunt-karma grunt-karma
25 silly lockFile 18de6d31-karma-ng-html2js-preprocessor karma-ng-html2js-preprocessor
26 silly lockFile 18de6d31-karma-ng-html2js-preprocessor karma-ng-html2js-preprocessor
27 silly lockFile e5bca250-karma-ng-scenario karma-ng-scenario
28 silly lockFile e5bca250-karma-ng-scenario karma-ng-scenario
29 verbose addNamed [ 'grunt-karma', '' ]
30 verbose addNamed [ null, '*' ]
31 silly lockFile 94531edb-grunt-karma grunt-karma@
32 verbose lock grunt-karma@ /home/ubuntu/.npm/94531edb-grunt-karma.lock
33 verbose addNamed [ 'karma-ng-html2js-preprocessor', '' ]
34 verbose addNamed [ null, '*' ]
35 silly lockFile 9f59274a-karma-ng-html2js-preprocessor karma-ng-html2js-preprocessor@
36 verbose lock karma-ng-html2js-preprocessor@ /home/ubuntu/.npm/9f59274a-karma-ng-html2js-preprocessor.lock
37 verbose addNamed [ 'karma-ng-scenario', '' ]
38 verbose addNamed [ null, '*' ]
39 silly lockFile 4f100e2f-karma-ng-scenario karma-ng-scenario@
40 verbose lock karma-ng-scenario@ /home/ubuntu/.npm/4f100e2f-karma-ng-scenario.lock
41 silly addNameRange { name: 'grunt-karma', range: '*', hasData: false }
42 silly addNameRange { name: 'karma-ng-html2js-preprocessor',
42 silly addNameRange   range: '*',
42 silly addNameRange   hasData: false }
43 silly addNameRange { name: 'karma-ng-scenario', range: '*', hasData: false }
44 verbose url raw grunt-karma
45 verbose url resolving [ 'https://registry.npmjs.org/', './grunt-karma' ]
46 verbose url resolved https://registry.npmjs.org/grunt-karma
47 info trying registry request attempt 1 at 15:39:43
48 verbose etag "EC6EJ6GIJNTJQ459T598ANVWL"
49 http GET https://registry.npmjs.org/grunt-karma
50 verbose url raw karma-ng-html2js-preprocessor
51 verbose url resolving [ 'https://registry.npmjs.org/',
51 verbose url resolving   './karma-ng-html2js-preprocessor' ]
52 verbose url resolved https://registry.npmjs.org/karma-ng-html2js-preprocessor
53 info trying registry request attempt 1 at 15:39:43
54 verbose etag "C0NAT9D1ICU3PR2RSQ69KOE2X"
55 http GET https://registry.npmjs.org/karma-ng-html2js-preprocessor
56 verbose url raw karma-ng-scenario
57 verbose url resolving [ 'https://registry.npmjs.org/', './karma-ng-scenario' ]
58 verbose url resolved https://registry.npmjs.org/karma-ng-scenario
59 info trying registry request attempt 1 at 15:39:43
60 verbose etag "BH30YAJSIBQQ3MD8DNMFD4K4P"
61 http GET https://registry.npmjs.org/karma-ng-scenario
62 http 304 https://registry.npmjs.org/karma-ng-scenario
63 silly registry.get cb [ 304,
63 silly registry.get   { server: 'CouchDB/1.5.0 (Erlang OTP/R15B03)',
63 silly registry.get     etag: '"BH30YAJSIBQQ3MD8DNMFD4K4P"',
63 silly registry.get     date: 'Thu, 12 Dec 2013 10:09:45 GMT',
63 silly registry.get     'content-length': '0' } ]
64 verbose etag karma-ng-scenario from cache
65 http 304 https://registry.npmjs.org/karma-ng-html2js-preprocessor
66 silly registry.get cb [ 304,
66 silly registry.get   { server: 'CouchDB/1.5.0 (Erlang OTP/R15B03)',
66 silly registry.get     etag: '"C0NAT9D1ICU3PR2RSQ69KOE2X"',
66 silly registry.get     date: 'Thu, 12 Dec 2013 10:09:45 GMT',
66 silly registry.get     'content-length': '0' } ]
67 verbose etag karma-ng-html2js-preprocessor from cache
68 silly addNameRange number 2 { name: 'karma-ng-scenario', range: '*', hasData: true }
69 silly addNameRange versions [ 'karma-ng-scenario', [ '0.0.1', '0.0.2', '0.1.0' ] ]
70 verbose addNamed [ 'karma-ng-scenario', '0.1.0' ]
71 verbose addNamed [ '0.1.0', '0.1.0' ]
72 silly lockFile f90b10d8-karma-ng-scenario-0-1-0 karma-ng-scenario@0.1.0
73 verbose lock karma-ng-scenario@0.1.0 /home/ubuntu/.npm/f90b10d8-karma-ng-scenario-0-1-0.lock
74 silly addNameRange number 2 { name: 'karma-ng-html2js-preprocessor',
74 silly addNameRange   range: '*',
74 silly addNameRange   hasData: true }
75 silly addNameRange versions [ 'karma-ng-html2js-preprocessor',
75 silly addNameRange   [ '0.0.1', '0.0.2', '0.0.3', '0.0.4', '0.1.0' ] ]
76 verbose addNamed [ 'karma-ng-html2js-preprocessor', '0.1.0' ]
77 verbose addNamed [ '0.1.0', '0.1.0' ]
78 silly lockFile b1e18fdd-ma-ng-html2js-preprocessor-0-1-0 karma-ng-html2js-preprocessor@0.1.0
79 verbose lock karma-ng-html2js-preprocessor@0.1.0 /home/ubuntu/.npm/b1e18fdd-ma-ng-html2js-preprocessor-0-1-0.lock
80 silly lockFile dcc56787-g-html2js-preprocessor-0-1-0-tgz https://registry.npmjs.org/karma-ng-html2js-preprocessor/-/karma-ng-html2js-preprocessor-0.1.0.tgz
81 verbose lock https://registry.npmjs.org/karma-ng-html2js-preprocessor/-/karma-ng-html2js-preprocessor-0.1.0.tgz /home/ubuntu/.npm/dcc56787-g-html2js-preprocessor-0-1-0-tgz.lock
82 verbose addRemoteTarball [ 'https://registry.npmjs.org/karma-ng-html2js-preprocessor/-/karma-ng-html2js-preprocessor-0.1.0.tgz',
82 verbose addRemoteTarball   '80c52f533108359b13963337430da3843b626706' ]
83 silly lockFile dcc56787-g-html2js-preprocessor-0-1-0-tgz https://registry.npmjs.org/karma-ng-html2js-preprocessor/-/karma-ng-html2js-preprocessor-0.1.0.tgz
84 silly lockFile dcc56787-g-html2js-preprocessor-0-1-0-tgz https://registry.npmjs.org/karma-ng-html2js-preprocessor/-/karma-ng-html2js-preprocessor-0.1.0.tgz
85 silly lockFile b1e18fdd-ma-ng-html2js-preprocessor-0-1-0 karma-ng-html2js-preprocessor@0.1.0
86 silly lockFile b1e18fdd-ma-ng-html2js-preprocessor-0-1-0 karma-ng-html2js-preprocessor@0.1.0
87 silly lockFile 9f59274a-karma-ng-html2js-preprocessor karma-ng-html2js-preprocessor@
88 silly lockFile 9f59274a-karma-ng-html2js-preprocessor karma-ng-html2js-preprocessor@
89 error Error: EACCES, mkdir '/home/ubuntu/tmp/npm-8536-aCfuLzeO'
89 error  { [Error: EACCES, mkdir '/home/ubuntu/tmp/npm-8536-aCfuLzeO']
89 error   errno: 3,
89 error   code: 'EACCES',
89 error   path: '/home/ubuntu/tmp/npm-8536-aCfuLzeO' }
90 error Please try running this command again as root/Administrator.
91 error System Linux 3.2.0-57-generic
92 error command "/usr/local/bin/node" "/usr/local/bin/npm" "install" "grunt-karma" "karma-ng-html2js-preprocessor" "karma-ng-scenario" "--save-dev"
93 error cwd /home/ubuntu/workspace/cordova/abc/www
94 error node -v v0.10.21
95 error npm -v 1.3.11
96 error path /home/ubuntu/tmp/npm-8536-aCfuLzeO
97 error code EACCES
98 error errno 3
99 error stack Error: EACCES, mkdir '/home/ubuntu/tmp/npm-8536-aCfuLzeO'
100 verbose exit [ 3, true ]
